<?xml version="1.0" encoding="UTF-8"?>
<!-- Generated by org.testng.reporters.JUnitReportReporter -->
<testsuite skipped="0" hostname="Suketa" name="com.application.tests.LoginTest" tests="1" failures="0" timestamp="04 May 2018 12:49:47 GMT" time="10.116" errors="0">
  <testcase name="login_to_portal" time="10.116" classname="com.application.tests.LoginTest"/>
</testsuite> <!-- com.application.tests.LoginTest -->
