<?xml version="1.0" encoding="UTF-8"?>
<!-- Generated by org.testng.reporters.JUnitReportReporter -->
<testsuite skipped="0" hostname="Suketa" name="com.application.tests.login" tests="2" failures="0" timestamp="21 Mar 2018 13:35:44 GMT" time="13.372" errors="0">
  <testcase name="launch_iu_portal" time="5.577" classname="com.application.tests.login"/>
  <testcase name="login_to_portal" time="7.795" classname="com.application.tests.login"/>
</testsuite> <!-- com.application.tests.login -->
