<?xml version="1.0" encoding="UTF-8"?>
<!-- Generated by org.testng.reporters.JUnitReportReporter -->
<testsuite skipped="1" hostname="Suketa" name="com.application.tests.LogoutTest" tests="1" failures="0" timestamp="04 May 2018 12:43:19 GMT" time="0.000" errors="0">
  <testcase name="logout_to_portal" time="0.000" classname="com.application.tests.LogoutTest">
    <skipped/>
  </testcase> <!-- logout_to_portal -->
</testsuite> <!-- com.application.tests.LogoutTest -->
