<?xml version="1.0" encoding="UTF-8"?>
<!-- Generated by org.testng.reporters.JUnitReportReporter -->
<testsuite skipped="0" hostname="Suketa" name="com.application.tests.CreateCampaignTest" tests="1" failures="0" timestamp="04 May 2018 12:49:47 GMT" time="0.289" errors="0">
  <testcase name="campaign_creation" time="0.289" classname="com.application.tests.CreateCampaignTest"/>
</testsuite> <!-- com.application.tests.CreateCampaignTest -->
