<?xml version="1.0" encoding="UTF-8"?>
<!-- Generated by org.testng.reporters.JUnitReportReporter -->
<testsuite skipped="2" hostname="Suketa" name="com.application.tests.CampaignManageTest" tests="2" failures="0" timestamp="04 May 2018 12:43:19 GMT" time="0.000" errors="0">
  <testcase name="CampaignManage_create_audience_ALL" time="0.000" classname="com.application.tests.CampaignManageTest">
    <skipped/>
  </testcase> <!-- CampaignManage_create_audience_ALL -->
  <testcase name="CampaignManage_create_audience_all_fields" time="0.000" classname="com.application.tests.CampaignManageTest">
    <skipped/>
  </testcase> <!-- CampaignManage_create_audience_all_fields -->
</testsuite> <!-- com.application.tests.CampaignManageTest -->
